生成启动时间为 2021/2/18 7:54:10。
     1>项目“C:\Users\Administrator\Desktop\vs3013\dllDemo\ClassDLL\ClassToDll\ClassToDll\ClassToDll.vcxproj”在节点 2 上(Rebuild 个目标)。
     1>ClCompile:
         D:\VS2013\VC\bin\CL.exe /c /ZI /nologo /W3 /WX- /sdl /Od /Oy- /D WIN32 /D _DEBUG /D _WINDOWS /D _USRDLL /D CLASSTODLL_EXPORTS /D _WINDLL /D _UNICODE /D UNICODE /Gm /EHsc /RTC1 /MDd /GS /fp:precise /Zc:wchar_t /Zc:forScope /Yc"stdafx.h" /Fp"Debug\ClassToDll.pch" /Fo"Debug\\" /Fd"Debug\vc120.pdb" /Gd /TP /analyze- /errorReport:prompt stdafx.cpp
         stdafx.cpp
         D:\VS2013\VC\bin\CL.exe /c /ZI /nologo /W3 /WX- /sdl /Od /Oy- /D WIN32 /D _DEBUG /D _WINDOWS /D _USRDLL /D CLASSTODLL_EXPORTS /D _WINDLL /D _UNICODE /D UNICODE /Gm /EHsc /RTC1 /MDd /GS /fp:precise /Zc:wchar_t /Zc:forScope /Yu"stdafx.h" /Fp"Debug\ClassToDll.pch" /Fo"Debug\\" /Fd"Debug\vc120.pdb" /Gd /TP /analyze- /errorReport:prompt ClassToDll.cpp MyMath.cpp
         MyMath.cpp
         ClassToDll.cpp
         正在生成代码...
         D:\VS2013\VC\bin\CL.exe /c /ZI /nologo /W3 /WX- /sdl /Od /Oy- /D WIN32 /D _DEBUG /D _WINDOWS /D _USRDLL /D CLASSTODLL_EXPORTS /D _WINDLL /D _UNICODE /D UNICODE /Gm /EHsc /RTC1 /MDd /GS /fp:precise /Zc:wchar_t /Zc:forScope /Fo"Debug\\" /Fd"Debug\vc120.pdb" /Gd /TP /analyze- /errorReport:prompt dllmain.cpp
         dllmain.cpp
       Link:
         D:\VS2013\VC\bin\link.exe /ERRORREPORT:PROMPT /OUT:"C:\Users\Administrator\Desktop\vs3013\dllDemo\ClassDLL\ClassToDll\Debug\ClassToDll.dll" /INCREMENTAL /NOLOGO kernel32.lib user32.lib gdi32.lib winspool.lib comdlg32.lib advapi32.lib shell32.lib ole32.lib oleaut32.lib uuid.lib odbc32.lib odbccp32.lib /MANIFEST /MANIFESTUAC:"level='asInvoker' uiAccess='false'" /manifest:embed /DEBUG /PDB:"C:\Users\Administrator\Desktop\vs3013\dllDemo\ClassDLL\ClassToDll\Debug\ClassToDll.pdb" /SUBSYSTEM:WINDOWS /TLBID:1 /DYNAMICBASE /NXCOMPAT /IMPLIB:"C:\Users\Administrator\Desktop\vs3013\dllDemo\ClassDLL\ClassToDll\Debug\ClassToDll.lib" /MACHINE:X86 /DLL Debug\ClassToDll.obj
         Debug\dllmain.obj
         Debug\MyMath.obj
         Debug\stdafx.obj
            正在创建库 C:\Users\Administrator\Desktop\vs3013\dllDemo\ClassDLL\ClassToDll\Debug\ClassToDll.lib 和对象 C:\Users\Administrator\Desktop\vs3013\dllDemo\ClassDLL\ClassToDll\Debug\ClassToDll.exp
         ClassToDll.vcxproj -> C:\Users\Administrator\Desktop\vs3013\dllDemo\ClassDLL\ClassToDll\Debug\ClassToDll.dll
     1>已完成生成项目“C:\Users\Administrator\Desktop\vs3013\dllDemo\ClassDLL\ClassToDll\ClassToDll\ClassToDll.vcxproj”(Rebuild 个目标)的操作。

生成成功。

已用时间 00:00:00.68
