生成启动时间为 2021/2/16 16:27:54。
     1>项目“C:\Users\Administrator\Desktop\ABCDLLDEMO\ABCDLL\ABCDLL\ABCDLL.vcxproj”在节点 2 上(Rebuild 个目标)。
     1>ClCompile:
         D:\VS2015\VC\bin\CL.exe /c /Zi /nologo /W3 /WX- /Od /Oi /Oy- /GL /D WIN32 /D NDEBUG /D _WINDOWS /D _USRDLL /D ABCDLL_EXPORTS /D _WINDLL /D _UNICODE /D UNICODE /Gm- /EHsc /MD /GS /Gy /fp:precise /Zc:wchar_t /Zc:forScope /Zc:inline /Yc"stdafx.h" /Fp"Release\ABCDLL.pch" /Fo"Release\\" /Fd"Release\vc140.pdb" /Gd /TP /analyze- /errorReport:prompt stdafx.cpp
         stdafx.cpp
         D:\VS2015\VC\bin\CL.exe /c /Zi /nologo /W3 /WX- /Od /Oi /Oy- /GL /D WIN32 /D NDEBUG /D _WINDOWS /D _USRDLL /D ABCDLL_EXPORTS /D _WINDLL /D _UNICODE /D UNICODE /Gm- /EHsc /MD /GS /Gy /fp:precise /Zc:wchar_t /Zc:forScope /Zc:inline /Fo"Release\\" /Fd"Release\vc140.pdb" /Gd /TP /analyze- /errorReport:prompt ABCDLL.cpp
         ABCDLL.cpp
         D:\VS2015\VC\bin\CL.exe /c /Zi /nologo /W3 /WX- /Od /Oi /Oy- /GL /D WIN32 /D NDEBUG /D _WINDOWS /D _USRDLL /D ABCDLL_EXPORTS /D _WINDLL /D _UNICODE /D UNICODE /Gm- /EHsc /MD /GS /Gy /fp:precise /Zc:wchar_t /Zc:forScope /Zc:inline /Fo"Release\\" /Fd"Release\vc140.pdb" /Gd /TP /analyze- /errorReport:prompt dllmain.cpp
         dllmain.cpp
       Link:
         D:\VS2015\VC\bin\link.exe /ERRORREPORT:PROMPT /OUT:"C:\Users\Administrator\Desktop\ABCDLLDEMO\ABCDLL\Release\ABCDLL.dll" /INCREMENTAL:NO /NOLOGO kernel32.lib user32.lib gdi32.lib winspool.lib comdlg32.lib advapi32.lib shell32.lib ole32.lib oleaut32.lib uuid.lib odbc32.lib odbccp32.lib /MANIFEST /MANIFESTUAC:"level='asInvoker' uiAccess='false'" /manifest:embed /Debug /PDB:"C:\Users\Administrator\Desktop\ABCDLLDEMO\ABCDLL\Release\ABCDLL.pdb" /SUBSYSTEM:WINDOWS /OPT:REF /OPT:ICF /LTCG:incremental /TLBID:1 /DYNAMICBASE /NXCOMPAT /IMPLIB:"C:\Users\Administrator\Desktop\ABCDLLDEMO\ABCDLL\Release\ABCDLL.lib" /MACHINE:X86 /SAFESEH /DLL Release\ABCDLL.obj
         Release\dllmain.obj
         Release\stdafx.obj
           正在创建库 C:\Users\Administrator\Desktop\ABCDLLDEMO\ABCDLL\Release\ABCDLL.lib 和对象 C:\Users\Administrator\Desktop\ABCDLLDEMO\ABCDLL\Release\ABCDLL.exp
         正在生成代码
         All 10 functions were compiled because no usable IPDB/IOBJ from previous compilation was found.
         已完成代码的生成
         ABCDLL.vcxproj -> C:\Users\Administrator\Desktop\ABCDLLDEMO\ABCDLL\Release\ABCDLL.dll
     1>已完成生成项目“C:\Users\Administrator\Desktop\ABCDLLDEMO\ABCDLL\ABCDLL\ABCDLL.vcxproj”(Rebuild 个目标)的操作。

已成功生成。

已用时间 00:00:00.76
